<?xml version="1.0" encoding="UTF-8"?>
<testng-results ignored="0" total="5" passed="5" failed="0" skipped="0">
  <reporter-output>
  </reporter-output>
  <suite started-at="2023-03-06T09:30:31Z" name="Suite" finished-at="2023-03-06T09:30:34Z" duration-ms="3253">
    <groups>
    </groups>
    <test started-at="2023-03-06T09:30:31Z" name="Test" finished-at="2023-03-06T09:30:34Z" duration-ms="3253">
      <class name="API.Register">
        <test-method signature="reg1()[pri:1, instance:API.Register@3b0fe47a]" started-at="2023-03-06T09:30:33Z" name="reg1" finished-at="2023-03-06T09:30:34Z" duration-ms="372" status="PASS">
          <reporter-output>
          </reporter-output>
        </test-method> <!-- reg1 -->
      </class> <!-- API.Register -->
      <class name="API.Login">
        <test-method signature="Login1()[pri:1, instance:API.Login@117159c0]" started-at="2023-03-06T09:30:31Z" name="Login1" finished-at="2023-03-06T09:30:33Z" duration-ms="1945" status="PASS">
          <reporter-output>
          </reporter-output>
        </test-method> <!-- Login1 -->
      </class> <!-- API.Login -->
      <class name="API.Delete">
        <test-method signature="delete1()[pri:1, instance:API.Delete@3e27ba32]" started-at="2023-03-06T09:30:33Z" name="delete1" finished-at="2023-03-06T09:30:33Z" duration-ms="448" status="PASS">
          <reporter-output>
          </reporter-output>
        </test-method> <!-- delete1 -->
      </class> <!-- API.Delete -->
      <class name="API.GetTest">
        <test-method signature="Fetch1()[pri:1, instance:API.GetTest@7ef82753]" started-at="2023-03-06T09:30:33Z" name="Fetch1" finished-at="2023-03-06T09:30:33Z" duration-ms="92" status="PASS">
          <reporter-output>
          </reporter-output>
        </test-method> <!-- Fetch1 -->
      </class> <!-- API.GetTest -->
      <class name="API.Update">
        <test-method signature="update1()[pri:1, instance:API.Update@202b0582]" started-at="2023-03-06T09:30:34Z" name="update1" finished-at="2023-03-06T09:30:34Z" duration-ms="361" status="PASS">
          <reporter-output>
          </reporter-output>
        </test-method> <!-- update1 -->
      </class> <!-- API.Update -->
    </test> <!-- Test -->
  </suite> <!-- Suite -->
</testng-results>
