<?xml version="1.0" encoding="UTF-8"?>
<!-- Generated by org.testng.reporters.JUnitXMLReporter -->
<testsuite ignored="0" hostname="QT-INBG-LT0336" failures="0" tests="5" name="Test" time="3.253" errors="0" timestamp="06 Mar 2023 09:30:34 GMT">
  <testcase classname="API.Login" name="Login1" time="1.945"/>
  <testcase classname="API.Delete" name="delete1" time="0.448"/>
  <testcase classname="API.GetTest" name="Fetch1" time="0.092"/>
  <testcase classname="API.Register" name="reg1" time="0.372"/>
  <testcase classname="API.Update" name="update1" time="0.361"/>
</testsuite> <!-- Test -->
