<?xml version="1.0" encoding="UTF-8"?>
<!-- Generated by org.testng.reporters.JUnitXMLReporter -->
<testsuite ignored="0" hostname="QT-INBG-LT0336" failures="0" tests="5" name="Default test" time="3.432" errors="0" timestamp="2023-03-06T14:38:22 IST">
  <testcase classname="API.Delete" name="delete1" time="1.963"/>
  <testcase classname="API.Delete" name="delete2" time="0.348"/>
  <testcase classname="API.Delete" name="delete3" time="0.375"/>
  <testcase classname="API.Delete" name="delete4" time="0.346"/>
  <testcase classname="API.Delete" name="delete5" time="0.348"/>
</testsuite> <!-- Default test -->
